<?xml version="1.0" encoding="UTF-8"?>
<!-- Generated by org.testng.reporters.JUnitXMLReporter -->
<testsuite hostname="DESKTOP-GS0ADV1" ignored="0" name="BookreturnTicket_Tests" tests="5" failures="1" timestamp="24 May 2019 15:59:20 GMT" time="68.033" errors="0">
  <testcase name="loginMethod" time="31.625" classname="com.mindtree.tests.BookReturnTicketTest"/>
  <testcase name="flightFinderMethod" time="27.601" classname="com.mindtree.tests.BookReturnTicketTest"/>
  <testcase name="mtSelectFlightDataMethod" time="0.003" classname="com.mindtree.tests.BookReturnTicketTest">
    <failure type="java.lang.NullPointerException">
      <![CDATA[java.lang.NullPointerException
at com.mindtree.pages.SelectFlightPage.selectParisToLondon(SelectFlightPage.java:24)
at com.mindtree.tests.BookReturnTicketTest.mtSelectFlightDataMethod(BookReturnTicketTest.java:99)
... Removed 25 stack frames]]>
    </failure>
  </testcase> <!-- mtSelectFlightDataMethod -->
  <testcase name="mtBookFlightDataMethod" time="0.0" classname="com.mindtree.tests.BookReturnTicketTest">
    <skipped/>
  </testcase> <!-- mtBookFlightDataMethod -->
  <testcase name="mtFlightConfirmationDataMethod" time="0.0" classname="com.mindtree.tests.BookReturnTicketTest">
    <skipped/>
  </testcase> <!-- mtFlightConfirmationDataMethod -->
</testsuite> <!-- BookreturnTicket_Tests -->
