<?xml version="1.0" encoding="UTF-8"?>
<!-- Generated by org.testng.reporters.JUnitXMLReporter -->
<testsuite hostname="DESKTOP-GS0ADV1" ignored="0" name="login_Tests" tests="3" failures="0" timestamp="24 May 2019 15:58:12 GMT" time="39.508" errors="0">
  <testcase name="loginPageTitleTest" time="2.026" classname="com.mindtree.tests.LoginTest"/>
  <testcase name="signInButtonTest" time="0.052" classname="com.mindtree.tests.LoginTest"/>
  <testcase name="loginMethod" time="25.441" classname="com.mindtree.tests.LoginTest"/>
</testsuite> <!-- login_Tests -->
