<?xml version="1.0" encoding="UTF-8"?>
<!-- Generated by org.testng.reporters.JUnitXMLReporter -->
<testsuite hostname="DESKTOP-GS0ADV1" ignored="0" name="My_Tests" tests="5" failures="1" timestamp="23 May 2019 14:40:38 GMT" time="67.431" errors="0">
  <testcase name="loginMethod" time="29.521" classname="com.mindtree.tests.BookReturnTicketTest"/>
  <testcase name="flightFinderMethod" time="27.532" classname="com.mindtree.tests.BookReturnTicketTest"/>
  <testcase name="mtSelectFlightDataMethod" time="0.003" classname="com.mindtree.tests.BookReturnTicketTest">
    <failure type="java.lang.NullPointerException">
      <![CDATA[java.lang.NullPointerException
at com.mindtree.pages.SelectFlightPage.selectParisToLondon(SelectFlightPage.java:23)
at com.mindtree.tests.BookReturnTicketTest.mtSelectFlightDataMethod(BookReturnTicketTest.java:105)
... Removed 25 stack frames]]>
    </failure>
  </testcase> <!-- mtSelectFlightDataMethod -->
  <testcase name="mtBookFlightDataMethod" time="0.0" classname="com.mindtree.tests.BookReturnTicketTest">
    <skipped/>
  </testcase> <!-- mtBookFlightDataMethod -->
  <testcase name="mtFlightConfirmationDataMethod" time="0.0" classname="com.mindtree.tests.BookReturnTicketTest">
    <skipped/>
  </testcase> <!-- mtFlightConfirmationDataMethod -->
</testsuite> <!-- My_Tests -->
