<?xml version="1.0" encoding="UTF-8"?>
<testng-results skipped="2" failed="1" ignored="0" total="8" passed="5">
  <reporter-output>
  </reporter-output>
  <suite name="Suite" duration-ms="107600" started-at="2019-05-24T15:57:32Z" finished-at="2019-05-24T15:59:20Z">
    <groups>
    </groups>
    <test name="login_Tests" duration-ms="39508" started-at="2019-05-24T15:57:32Z" finished-at="2019-05-24T15:58:12Z">
      <class name="com.mindtree.tests.LoginTest">
        <test-method status="PASS" signature="setup()[pri:0, instance:com.mindtree.tests.LoginTest@589838eb]" name="setup" is-config="true" duration-ms="8538" started-at="2019-05-24T15:57:32Z" finished-at="2019-05-24T15:57:41Z">
          <reporter-output>
          </reporter-output>
        </test-method> <!-- setup -->
        <test-method status="PASS" signature="loginPageTitleTest()[pri:1, instance:com.mindtree.tests.LoginTest@589838eb]" name="loginPageTitleTest" duration-ms="2026" started-at="2019-05-24T15:57:41Z" finished-at="2019-05-24T15:57:43Z">
          <reporter-output>
          </reporter-output>
        </test-method> <!-- loginPageTitleTest -->
        <test-method status="PASS" signature="signInButtonTest()[pri:2, instance:com.mindtree.tests.LoginTest@589838eb]" name="signInButtonTest" duration-ms="52" started-at="2019-05-24T15:57:43Z" finished-at="2019-05-24T15:57:43Z">
          <reporter-output>
          </reporter-output>
        </test-method> <!-- signInButtonTest -->
        <test-method status="PASS" signature="loginMethod(java.lang.String, java.lang.String)[pri:3, instance:com.mindtree.tests.LoginTest@589838eb]" name="loginMethod" duration-ms="25441" started-at="2019-05-24T15:57:45Z" data-provider="mtLoginData" finished-at="2019-05-24T15:58:11Z">
          <params>
            <param index="0">
              <value>
                <![CDATA[admin]]>
              </value>
            </param>
            <param index="1">
              <value>
                <![CDATA[mercury]]>
              </value>
            </param>
          </params>
          <reporter-output>
          </reporter-output>
        </test-method> <!-- loginMethod -->
        <test-method status="PASS" signature="closeBrowser()[pri:0, instance:com.mindtree.tests.LoginTest@589838eb]" name="closeBrowser" is-config="true" duration-ms="619" started-at="2019-05-24T15:58:11Z" finished-at="2019-05-24T15:58:12Z">
          <reporter-output>
          </reporter-output>
        </test-method> <!-- closeBrowser -->
      </class> <!-- com.mindtree.tests.LoginTest -->
    </test> <!-- login_Tests -->
    <test name="BookreturnTicket_Tests" duration-ms="68033" started-at="2019-05-24T15:58:12Z" finished-at="2019-05-24T15:59:20Z">
      <class name="com.mindtree.tests.BookReturnTicketTest">
        <test-method status="PASS" signature="setup()[pri:0, instance:com.mindtree.tests.BookReturnTicketTest@5025a98f]" name="setup" is-config="true" duration-ms="6850" started-at="2019-05-24T15:58:12Z" finished-at="2019-05-24T15:58:19Z">
          <reporter-output>
          </reporter-output>
        </test-method> <!-- setup -->
        <test-method status="PASS" signature="loginMethod(java.lang.String, java.lang.String)[pri:1, instance:com.mindtree.tests.BookReturnTicketTest@5025a98f]" name="loginMethod" duration-ms="31625" started-at="2019-05-24T15:58:19Z" data-provider="mtLoginData" finished-at="2019-05-24T15:58:50Z">
          <params>
            <param index="0">
              <value>
                <![CDATA[admin]]>
              </value>
            </param>
            <param index="1">
              <value>
                <![CDATA[mercury]]>
              </value>
            </param>
          </params>
          <reporter-output>
          </reporter-output>
        </test-method> <!-- loginMethod -->
        <test-method status="PASS" signature="flightFinderMethod(java.lang.String, java.lang.String, java.lang.String, java.lang.String, java.lang.String, java.lang.String, java.lang.String, java.lang.String, java.lang.String, java.lang.String)[pri:2, instance:com.mindtree.tests.BookReturnTicketTest@5025a98f]" name="flightFinderMethod" duration-ms="27601" started-at="2019-05-24T15:58:51Z" data-provider="mtFlightFinderData" depends-on-methods="com.mindtree.tests.BookReturnTicketTest.loginMethod" finished-at="2019-05-24T15:59:18Z">
          <params>
            <param index="0">
              <value>
                <![CDATA[roundtrip]]>
              </value>
            </param>
            <param index="1">
              <value>
                <![CDATA[1]]>
              </value>
            </param>
            <param index="2">
              <value>
                <![CDATA[Paris]]>
              </value>
            </param>
            <param index="3">
              <value>
                <![CDATA[May]]>
              </value>
            </param>
            <param index="4">
              <value>
                <![CDATA[1]]>
              </value>
            </param>
            <param index="5">
              <value>
                <![CDATA[London]]>
              </value>
            </param>
            <param index="6">
              <value>
                <![CDATA[May]]>
              </value>
            </param>
            <param index="7">
              <value>
                <![CDATA[10]]>
              </value>
            </param>
            <param index="8">
              <value>
                <![CDATA[Business]]>
              </value>
            </param>
            <param index="9">
              <value>
                <![CDATA[Blue Skies Airlines]]>
              </value>
            </param>
          </params>
          <reporter-output>
          </reporter-output>
        </test-method> <!-- flightFinderMethod -->
        <test-method status="FAIL" signature="mtSelectFlightDataMethod(java.lang.String, java.lang.String)[pri:3, instance:com.mindtree.tests.BookReturnTicketTest@5025a98f]" name="mtSelectFlightDataMethod" duration-ms="3" started-at="2019-05-24T15:59:19Z" data-provider="mtSelectFlightData" depends-on-methods="com.mindtree.tests.BookReturnTicketTest.flightFinderMethod" finished-at="2019-05-24T15:59:19Z">
          <params>
            <param index="0">
              <value>
                <![CDATA[Blue Skies Airlines$360$270$5:03]]>
              </value>
            </param>
            <param index="1">
              <value>
                <![CDATA[Pangea Airlines$632$282$16:37]]>
              </value>
            </param>
          </params>
          <exception class="java.lang.NullPointerException">
            <full-stacktrace>
              <![CDATA[java.lang.NullPointerException
at com.mindtree.pages.SelectFlightPage.selectParisToLondon(SelectFlightPage.java:24)
at com.mindtree.tests.BookReturnTicketTest.mtSelectFlightDataMethod(BookReturnTicketTest.java:99)
at sun.reflect.NativeMethodAccessorImpl.invoke0(Native Method)
at sun.reflect.NativeMethodAccessorImpl.invoke(Unknown Source)
at sun.reflect.DelegatingMethodAccessorImpl.invoke(Unknown Source)
at java.lang.reflect.Method.invoke(Unknown Source)
at org.testng.internal.MethodInvocationHelper.invokeMethod(MethodInvocationHelper.java:124)
at org.testng.internal.Invoker.invokeMethod(Invoker.java:583)
at org.testng.internal.Invoker.invokeTestMethod(Invoker.java:719)
at org.testng.internal.Invoker.invokeTestMethods(Invoker.java:989)
at org.testng.internal.TestMethodWorker.invokeTestMethods(TestMethodWorker.java:125)
at org.testng.internal.TestMethodWorker.run(TestMethodWorker.java:109)
at org.testng.TestRunner.privateRun(TestRunner.java:648)
at org.testng.TestRunner.run(TestRunner.java:505)
at org.testng.SuiteRunner.runTest(SuiteRunner.java:455)
at org.testng.SuiteRunner.runSequentially(SuiteRunner.java:450)
at org.testng.SuiteRunner.privateRun(SuiteRunner.java:415)
at org.testng.SuiteRunner.run(SuiteRunner.java:364)
at org.testng.SuiteRunnerWorker.runSuite(SuiteRunnerWorker.java:52)
at org.testng.SuiteRunnerWorker.run(SuiteRunnerWorker.java:84)
at org.testng.TestNG.runSuitesSequentially(TestNG.java:1208)
at org.testng.TestNG.runSuitesLocally(TestNG.java:1137)
at org.testng.TestNG.runSuites(TestNG.java:1049)
at org.testng.TestNG.run(TestNG.java:1017)
at org.testng.remote.AbstractRemoteTestNG.run(AbstractRemoteTestNG.java:115)
at org.testng.remote.RemoteTestNG.initAndRun(RemoteTestNG.java:251)
at org.testng.remote.RemoteTestNG.main(RemoteTestNG.java:77)
]]>
            </full-stacktrace>
          </exception> <!-- java.lang.NullPointerException -->
          <reporter-output>
          </reporter-output>
        </test-method> <!-- mtSelectFlightDataMethod -->
        <test-method status="SKIP" signature="mtBookFlightDataMethod(java.lang.String, java.lang.String, java.lang.String)[pri:4, instance:com.mindtree.tests.BookReturnTicketTest@5025a98f]" name="mtBookFlightDataMethod" duration-ms="0" started-at="2019-05-24T15:59:19Z" data-provider="mtSelectFlightData" depends-on-methods="com.mindtree.tests.BookReturnTicketTest.mtSelectFlightDataMethod" finished-at="2019-05-24T15:59:19Z">
          <exception class="java.lang.Throwable">
            <message>
              <![CDATA[Method BookReturnTicketTest.mtBookFlightDataMethod(java.lang.String, java.lang.String, java.lang.String)[pri:4, instance:com.mindtree.tests.BookReturnTicketTest@5025a98f] depends on not successfully finished methods]]>
            </message>
            <full-stacktrace>
              <![CDATA[java.lang.Throwable: Method BookReturnTicketTest.mtBookFlightDataMethod(java.lang.String, java.lang.String, java.lang.String)[pri:4, instance:com.mindtree.tests.BookReturnTicketTest@5025a98f] depends on not successfully finished methods
at org.testng.internal.Invoker.invokeTestMethods(Invoker.java:888)
at org.testng.internal.TestMethodWorker.invokeTestMethods(TestMethodWorker.java:125)
at org.testng.internal.TestMethodWorker.run(TestMethodWorker.java:109)
at org.testng.TestRunner.privateRun(TestRunner.java:648)
at org.testng.TestRunner.run(TestRunner.java:505)
at org.testng.SuiteRunner.runTest(SuiteRunner.java:455)
at org.testng.SuiteRunner.runSequentially(SuiteRunner.java:450)
at org.testng.SuiteRunner.privateRun(SuiteRunner.java:415)
at org.testng.SuiteRunner.run(SuiteRunner.java:364)
at org.testng.SuiteRunnerWorker.runSuite(SuiteRunnerWorker.java:52)
at org.testng.SuiteRunnerWorker.run(SuiteRunnerWorker.java:84)
at org.testng.TestNG.runSuitesSequentially(TestNG.java:1208)
at org.testng.TestNG.runSuitesLocally(TestNG.java:1137)
at org.testng.TestNG.runSuites(TestNG.java:1049)
at org.testng.TestNG.run(TestNG.java:1017)
at org.testng.remote.AbstractRemoteTestNG.run(AbstractRemoteTestNG.java:115)
at org.testng.remote.RemoteTestNG.initAndRun(RemoteTestNG.java:251)
at org.testng.remote.RemoteTestNG.main(RemoteTestNG.java:77)
]]>
            </full-stacktrace>
          </exception> <!-- java.lang.Throwable -->
          <reporter-output>
          </reporter-output>
        </test-method> <!-- mtBookFlightDataMethod -->
        <test-method status="SKIP" signature="mtFlightConfirmationDataMethod(java.lang.String)[pri:5, instance:com.mindtree.tests.BookReturnTicketTest@5025a98f]" name="mtFlightConfirmationDataMethod" duration-ms="0" started-at="2019-05-24T15:59:19Z" data-provider="mtFlightConfirmationData" depends-on-methods="com.mindtree.tests.BookReturnTicketTest.mtBookFlightDataMethod" finished-at="2019-05-24T15:59:19Z">
          <exception class="java.lang.Throwable">
            <message>
              <![CDATA[Method BookReturnTicketTest.mtFlightConfirmationDataMethod(java.lang.String)[pri:5, instance:com.mindtree.tests.BookReturnTicketTest@5025a98f] depends on not successfully finished methods]]>
            </message>
            <full-stacktrace>
              <![CDATA[java.lang.Throwable: Method BookReturnTicketTest.mtFlightConfirmationDataMethod(java.lang.String)[pri:5, instance:com.mindtree.tests.BookReturnTicketTest@5025a98f] depends on not successfully finished methods
at org.testng.internal.Invoker.invokeTestMethods(Invoker.java:888)
at org.testng.internal.TestMethodWorker.invokeTestMethods(TestMethodWorker.java:125)
at org.testng.internal.TestMethodWorker.run(TestMethodWorker.java:109)
at org.testng.TestRunner.privateRun(TestRunner.java:648)
at org.testng.TestRunner.run(TestRunner.java:505)
at org.testng.SuiteRunner.runTest(SuiteRunner.java:455)
at org.testng.SuiteRunner.runSequentially(SuiteRunner.java:450)
at org.testng.SuiteRunner.privateRun(SuiteRunner.java:415)
at org.testng.SuiteRunner.run(SuiteRunner.java:364)
at org.testng.SuiteRunnerWorker.runSuite(SuiteRunnerWorker.java:52)
at org.testng.SuiteRunnerWorker.run(SuiteRunnerWorker.java:84)
at org.testng.TestNG.runSuitesSequentially(TestNG.java:1208)
at org.testng.TestNG.runSuitesLocally(TestNG.java:1137)
at org.testng.TestNG.runSuites(TestNG.java:1049)
at org.testng.TestNG.run(TestNG.java:1017)
at org.testng.remote.AbstractRemoteTestNG.run(AbstractRemoteTestNG.java:115)
at org.testng.remote.RemoteTestNG.initAndRun(RemoteTestNG.java:251)
at org.testng.remote.RemoteTestNG.main(RemoteTestNG.java:77)
]]>
            </full-stacktrace>
          </exception> <!-- java.lang.Throwable -->
          <reporter-output>
          </reporter-output>
        </test-method> <!-- mtFlightConfirmationDataMethod -->
        <test-method status="PASS" signature="closeBrowser()[pri:0, instance:com.mindtree.tests.BookReturnTicketTest@5025a98f]" name="closeBrowser" is-config="true" duration-ms="663" started-at="2019-05-24T15:59:19Z" finished-at="2019-05-24T15:59:20Z">
          <reporter-output>
          </reporter-output>
        </test-method> <!-- closeBrowser -->
        <test-method status="PASS" signature="sendReport()[pri:0, instance:com.mindtree.tests.BookReturnTicketTest@5025a98f]" name="sendReport" is-config="true" duration-ms="0" started-at="2019-05-24T15:59:20Z" finished-at="2019-05-24T15:59:20Z">
          <reporter-output>
          </reporter-output>
        </test-method> <!-- sendReport -->
      </class> <!-- com.mindtree.tests.BookReturnTicketTest -->
    </test> <!-- BookreturnTicket_Tests -->
  </suite> <!-- Suite -->
</testng-results>
